code/Narcissa20/opencv/build/intermediates/manifest_merge_blame_file/debug/manifest-merger-blame-debug-report.txt
1<?xml version="1.0" encoding="utf-8"?>
2<manifest xmlns:android="http://schemas.android.com/apk/res/android"
3    xmlns:opencv="org.opencv"
4    package="org.opencv" >
5
6    <uses-sdk android:minSdkVersion="21" />
6-->opencv/java/AndroidManifest.xml
7
8</manifest>